<?xml version="1.0" encoding="UTF-8"?>
<!-- Generated by org.testng.reporters.JUnitReportReporter -->
<testsuite hostname="DESKTOP-K0ONJ7J" failures="0" tests="1" name="TestCases.TC1_FormFillingTestCases" time="14.410" errors="0" timestamp="2024-12-02T17:01:46 IST" skipped="0">
  <testcase classname="TestCases.TC1_FormFillingTestCases" name="Validate_UserAbleTo_Fill_Details" time="14.410"/>
  <system-out/>
</testsuite> <!-- TestCases.TC1_FormFillingTestCases -->
