<?xml version="1.0" encoding="UTF-8"?>
<!-- Generated by org.testng.reporters.JUnitReportReporter -->
<testsuite hostname="DESKTOP-K0ONJ7J" failures="0" tests="1" name="TestBase.BaseClass" time="6.695" errors="0" timestamp="2024-11-24T13:46:30 IST" skipped="0">
  <testcase classname="TestBase.BaseClass" name="Validate_UserAbleTo_Fill_Details" time="6.695"/>
</testsuite> <!-- TestBase.BaseClass -->
