<?xml version="1.0" encoding="UTF-8"?>
<!-- Generated by org.testng.reporters.JUnitReportReporter -->
<testsuite hostname="DESKTOP-K0ONJ7J" failures="0" tests="3" name="TestCases.TC1_FormFillingTestCases" time="39.815" errors="0" timestamp="2024-11-25T15:46:56 IST" skipped="0">
  <testcase classname="TestCases.TC1_FormFillingTestCases" name="Validate_UserAbleTo_Fill_Details" time="13.145"/>
  <system-out/>
  <testcase classname="TestCases.TC1_FormFillingTestCases" name="Validate_UserAbleTo_Fill_Details" time="13.623"/>
  <system-out/>
  <testcase classname="TestCases.TC1_FormFillingTestCases" name="Validate_UserAbleTo_Fill_Details" time="13.047"/>
  <system-out/>
</testsuite> <!-- TestCases.TC1_FormFillingTestCases -->
