<?xml version="1.0" encoding="UTF-8"?>
<!-- Generated by org.testng.reporters.JUnitReportReporter -->
<testsuite hostname="DESKTOP-K0ONJ7J" failures="0" tests="3" name="TestCases.TC3_FormFillingDDT" time="39.235" errors="0" timestamp="2024-11-26T17:59:58 IST" skipped="0">
  <testcase classname="TestCases.TC3_FormFillingDDT" name="Validate_UserAbleTo_Fill_Details" time="13.042"/>
  <system-out/>
  <testcase classname="TestCases.TC3_FormFillingDDT" name="Validate_UserAbleTo_Fill_Details" time="13.175"/>
  <system-out/>
  <testcase classname="TestCases.TC3_FormFillingDDT" name="Validate_UserAbleTo_Fill_Details" time="13.018"/>
  <system-out/>
</testsuite> <!-- TestCases.TC3_FormFillingDDT -->
