<?xml version="1.0" encoding="UTF-8"?>
<!-- Generated by org.testng.reporters.JUnitReportReporter -->
<testsuite hostname="DESKTOP-K0ONJ7J" failures="0" tests="1" name="TestCases.TC2_Blogger" time="2.350" errors="0" timestamp="2024-11-25T15:46:56 IST" skipped="0">
  <testcase classname="TestCases.TC2_Blogger" name="Validate_footer_ThemImage_clickable" time="2.350"/>
  <system-out/>
</testsuite> <!-- TestCases.TC2_Blogger -->
