<?xml version="1.0" encoding="UTF-8"?>
<!-- Generated by org.testng.reporters.JUnitReportReporter -->
<testsuite hostname="DESKTOP-K0ONJ7J" failures="0" tests="3" name="TestCases.TC3_FormFillingDDT" time="38.844" errors="0" timestamp="2024-12-02T17:01:46 IST" skipped="0">
  <testcase classname="TestCases.TC3_FormFillingDDT" name="Validate_UserAbleTo_Fill_Details" time="12.999"/>
  <system-out/>
  <testcase classname="TestCases.TC3_FormFillingDDT" name="Validate_UserAbleTo_Fill_Details" time="12.515"/>
  <system-out/>
  <testcase classname="TestCases.TC3_FormFillingDDT" name="Validate_UserAbleTo_Fill_Details" time="13.330"/>
  <system-out/>
</testsuite> <!-- TestCases.TC3_FormFillingDDT -->
